<?xml version="1.0" encoding="UTF-8"?>
<robot generator="Robot 7.2.2 (Python 3.13.3 on win32)" generated="2025-05-02T17:14:36.714388" rpa="false" schemaversion="5">
<suite id="s1" name="LoginTest" source="C:\Projetos\Robot-TCC\tests\LoginTest.robot">
<test id="s1-t1" name="Realizar Login" line="10">
<kw name="Abrir browser" owner="sharedKeywords" type="SETUP">
<kw name="Set Screenshot Directory" owner="SeleniumLibrary">
<arg>${OUTPUT DIR}/screenshots/${TEST_NAME}</arg>
<doc>Sets the directory for captured screenshots.</doc>
<status status="PASS" start="2025-05-02T17:14:38.780596" elapsed="0.000261"/>
</kw>
<kw name="Set Selenium Implicit Wait" owner="SeleniumLibrary">
<arg>40 seconds</arg>
<doc>Sets the implicit wait value used by Selenium.</doc>
<status status="PASS" start="2025-05-02T17:14:38.780984" elapsed="0.000157"/>
</kw>
<kw name="Set Selenium Timeout" owner="SeleniumLibrary">
<arg>40 seconds</arg>
<doc>Sets the timeout that is used by various keywords.</doc>
<status status="PASS" start="2025-05-02T17:14:38.781233" elapsed="0.000118"/>
</kw>
<kw name="Set Selenium Speed" owner="SeleniumLibrary">
<arg>0.3 seconds</arg>
<doc>Sets the delay that is waited after each Selenium command.</doc>
<status status="PASS" start="2025-05-02T17:14:38.781431" elapsed="0.000099"/>
</kw>
<kw name="Create Webdriver" owner="SeleniumLibrary">
<msg time="2025-05-02T17:14:38.781682" level="INFO">Creating an instance of the Chrome WebDriver.</msg>
<arg>Chrome</arg>
<doc>Creates an instance of Selenium WebDriver.</doc>
<status status="PASS" start="2025-05-02T17:14:38.781607" elapsed="2.294735"/>
</kw>
<status status="PASS" start="2025-05-02T17:14:38.780066" elapsed="2.296391"/>
</kw>
<kw name="Acessar site da Kabum" owner="LoginResource">
<kw name="Go To" owner="SeleniumLibrary">
<msg time="2025-05-02T17:14:41.077124" level="INFO">Opening url 'https://www.kabum.com.br/'</msg>
<arg>https://www.kabum.com.br/</arg>
<doc>Navigates the current browser window to the provided ``url``.</doc>
<status status="PASS" start="2025-05-02T17:14:41.077022" elapsed="23.764994"/>
</kw>
<kw name="Sleep" owner="BuiltIn">
<msg time="2025-05-02T17:15:06.842396" level="INFO">Slept 2 seconds.</msg>
<arg>2</arg>
<doc>Pauses the test executed for the given time.</doc>
<status status="PASS" start="2025-05-02T17:15:04.842180" elapsed="2.000327"/>
</kw>
<kw name="Maximize Browser Window" owner="SeleniumLibrary">
<doc>Maximizes current browser window.</doc>
<status status="PASS" start="2025-05-02T17:15:06.842672" elapsed="0.065408"/>
</kw>
<kw name="Capture Page Screenshot" owner="SeleniumLibrary">
<msg time="2025-05-02T17:15:07.113153" level="INFO" html="true">&lt;/td&gt;&lt;/tr&gt;&lt;tr&gt;&lt;td colspan="3"&gt;&lt;a href="screenshots/Realizar%20Login/selenium-screenshot-9.png"&gt;&lt;img src="screenshots/Realizar%20Login/selenium-screenshot-9.png" width="800px"&gt;&lt;/a&gt;</msg>
<doc>Takes a screenshot of the current page and embeds it into a log file.</doc>
<status status="PASS" start="2025-05-02T17:15:06.908309" elapsed="0.204937"/>
</kw>
<status status="PASS" start="2025-05-02T17:14:41.076769" elapsed="26.036569"/>
</kw>
<kw name="Realizar Login" owner="LoginResource">
<kw name="Click Element" owner="SeleniumLibrary">
<msg time="2025-05-02T17:15:07.114146" level="INFO">Clicking element 'id:linkLoginHeader'.</msg>
<arg>id:linkLoginHeader</arg>
<doc>Click the element identified by ``locator``.</doc>
<status status="PASS" start="2025-05-02T17:15:07.113899" elapsed="4.624557"/>
</kw>
<kw name="Capture Page Screenshot" owner="SeleniumLibrary">
<msg time="2025-05-02T17:15:11.880129" level="INFO" html="true">&lt;/td&gt;&lt;/tr&gt;&lt;tr&gt;&lt;td colspan="3"&gt;&lt;a href="screenshots/Realizar%20Login/selenium-screenshot-10.png"&gt;&lt;img src="screenshots/Realizar%20Login/selenium-screenshot-10.png" width="800px"&gt;&lt;/a&gt;</msg>
<doc>Takes a screenshot of the current page and embeds it into a log file.</doc>
<status status="PASS" start="2025-05-02T17:15:11.738638" elapsed="0.141600"/>
</kw>
<kw name="Wait Until Element Is Enabled" owner="SeleniumLibrary">
<arg>name:login</arg>
<doc>Waits until the element ``locator`` is enabled.</doc>
<status status="PASS" start="2025-05-02T17:15:11.880388" elapsed="0.067615"/>
</kw>
<kw name="Input Text" owner="SeleniumLibrary">
<msg time="2025-05-02T17:15:11.948329" level="INFO">Typing text 'gabrielvalendorf@gmail.com' into text field 'name:login'.</msg>
<arg>name:login</arg>
<arg>gabrielvalendorf@gmail.com</arg>
<doc>Types the given ``text`` into the text field identified by ``locator``.</doc>
<status status="PASS" start="2025-05-02T17:15:11.948171" elapsed="0.086592"/>
</kw>
<kw name="Input Text" owner="SeleniumLibrary">
<msg time="2025-05-02T17:15:12.035083" level="INFO">Typing text '123456Ab' into text field 'name:password'.</msg>
<arg>name:password</arg>
<arg>123456Ab</arg>
<doc>Types the given ``text`` into the text field identified by ``locator``.</doc>
<status status="PASS" start="2025-05-02T17:15:12.034923" elapsed="0.092206"/>
</kw>
<kw name="Capture Page Screenshot" owner="SeleniumLibrary">
<msg time="2025-05-02T17:15:12.254570" level="INFO" html="true">&lt;/td&gt;&lt;/tr&gt;&lt;tr&gt;&lt;td colspan="3"&gt;&lt;a href="screenshots/Realizar%20Login/selenium-screenshot-11.png"&gt;&lt;img src="screenshots/Realizar%20Login/selenium-screenshot-11.png" width="800px"&gt;&lt;/a&gt;</msg>
<doc>Takes a screenshot of the current page and embeds it into a log file.</doc>
<status status="PASS" start="2025-05-02T17:15:12.127322" elapsed="0.127336"/>
</kw>
<kw name="Click Element" owner="SeleniumLibrary">
<msg time="2025-05-02T17:15:12.254974" level="INFO">Clicking element 'xpath://button[@data-testid="login-submit-button"]'.</msg>
<arg>xpath://button[@data-testid="login-submit-button"]</arg>
<doc>Click the element identified by ``locator``.</doc>
<status status="PASS" start="2025-05-02T17:15:12.254817" elapsed="0.079644"/>
</kw>
<status status="PASS" start="2025-05-02T17:15:07.113628" elapsed="5.220936"/>
</kw>
<kw name="Debug" owner="DebugLibrary">
<doc>Open a interactive shell, run any RobotFramework keywords.</doc>
<status status="PASS" start="2025-05-02T17:15:12.334800" elapsed="19.425289"/>
</kw>
<kw name="Validar usuário logado" owner="LoginResource">
<kw name="Wait Until Page Contains" owner="SeleniumLibrary">
<arg>Olá, Gabriel</arg>
<doc>Waits until ``text`` appears on the current page.</doc>
<status status="PASS" start="2025-05-02T17:15:31.760732" elapsed="0.014864"/>
</kw>
<kw name="Capture Page Screenshot" owner="SeleniumLibrary">
<msg time="2025-05-02T17:15:32.135338" level="INFO" html="true">&lt;/td&gt;&lt;/tr&gt;&lt;tr&gt;&lt;td colspan="3"&gt;&lt;a href="screenshots/Realizar%20Login/selenium-screenshot-12.png"&gt;&lt;img src="screenshots/Realizar%20Login/selenium-screenshot-12.png" width="800px"&gt;&lt;/a&gt;</msg>
<doc>Takes a screenshot of the current page and embeds it into a log file.</doc>
<status status="PASS" start="2025-05-02T17:15:31.775900" elapsed="0.359549"/>
</kw>
<kw name="Page Should Contain" owner="SeleniumLibrary">
<msg time="2025-05-02T17:15:32.158129" level="INFO">Current page contains text 'Olá, Gabriel'.</msg>
<arg>Olá, Gabriel</arg>
<doc>Verifies that current page contains ``text``.</doc>
<status status="PASS" start="2025-05-02T17:15:32.135612" elapsed="0.022630"/>
</kw>
<status status="PASS" start="2025-05-02T17:15:31.760444" elapsed="0.397914"/>
</kw>
<kw name="Fechar Browser" owner="sharedKeywords" type="TEARDOWN">
<kw name="Close Window" owner="SeleniumLibrary">
<doc>Closes currently opened and selected browser window/tab.</doc>
<status status="PASS" start="2025-05-02T17:15:32.159308" elapsed="0.097051"/>
</kw>
<status status="PASS" start="2025-05-02T17:15:32.158962" elapsed="0.097571"/>
</kw>
<tag>id-001</tag>
<status status="PASS" start="2025-05-02T17:14:38.779465" elapsed="53.477410"/>
</test>
<status status="PASS" start="2025-05-02T17:14:36.715685" elapsed="55.541968"/>
</suite>
<statistics>
<total>
<stat pass="1" fail="0" skip="0">All Tests</stat>
</total>
<tag>
<stat pass="1" fail="0" skip="0">id-001</stat>
</tag>
<suite>
<stat name="LoginTest" id="s1" pass="1" fail="0" skip="0">LoginTest</stat>
</suite>
</statistics>
<errors>
</errors>
</robot>
